# JRE version: OpenJDK Runtime Environment Temurin-21.0.10+7 (21.0.10+7) (build 21.0.10+7-LTS)
# Java VM: OpenJDK 64-Bit Server VM Temurin-21.0.10+7 (21.0.10+7-LTS, mixed mode, sharing, tiered, compressed oops, compressed class ptrs, parallel gc, windows-amd64)
GC Precious Log:
 CardTable entry size: 512
 CPUs: 12 total, 12 available
 Memory: 16085M
 Large Page Support: Disabled
 NUMA Support: Disabled
 Compressed Oops: Enabled (32-bit)
 Alignments: Space 512K, Generation 512K, Heap 2M
 Heap Min Capacity: 100M
 Heap Initial Capacity: 100M
 Heap Max Capacity: 2G
 Pre-touch: Disabled
 Parallel Workers: 10
Heap:
 PSYoungGen      total 10752K, used 2787K [0x00000000d5580000, 0x00000000d6180000, 0x0000000100000000)
  eden space 9216K, 23% used [0x00000000d5580000,0x00000000d5798e58,0x00000000d5e80000)
  from space 1536K, 41% used [0x00000000d5f00000,0x00000000d5fa0010,0x00000000d6080000)
  to   space 1024K, 0% used [0x00000000d6080000,0x00000000d6080000,0x00000000d6180000)
 ParOldGen       total 538624K, used 195875K [0x0000000080000000, 0x00000000a0e00000, 0x00000000d5580000)
  object space 538624K, 36% used [0x0000000080000000,0x000000008bf48e08,0x00000000a0e00000)
 Metaspace       used 60331K, committed 61760K, reserved 1114112K
  class space    used 6318K, committed 6976K, reserved 1048576K
GC Heap History (20 events):
Event: 50.554 GC heap before
{Heap before GC invocations=651 (full 2):
 PSYoungGen      total 9728K, used 9688K [0x00000000d5580000, 0x00000000d6200000, 0x0000000100000000)
  eden space 9216K, 100% used [0x00000000d5580000,0x00000000d5e80000,0x00000000d5e80000)
  from space 512K, 92% used [0x00000000d6180000,0x00000000d61f62e8,0x00000000d6200000)
  to   space 512K, 0% used [0x00000000d6100000,0x00000000d6100000,0x00000000d6180000)
 ParOldGen       total 537600K, used 537404K [0x0000000080000000, 0x00000000a0d00000, 0x00000000d5580000)
  object space 537600K, 99% used [0x0000000080000000,0x00000000a0ccf290,0x00000000a0d00000)
 Metaspace       used 56784K, committed 58176K, reserved 1114112K
  class space    used 6000K, committed 6592K, reserved 1048576K
}
Event: 50.556 GC heap after
{Heap after GC invocations=651 (full 2):
 PSYoungGen      total 9728K, used 320K [0x00000000d5580000, 0x00000000d6200000, 0x0000000100000000)
  eden space 9216K, 0% used [0x00000000d5580000,0x00000000d5580000,0x00000000d5e80000)
  from space 512K, 62% used [0x00000000d6100000,0x00000000d6150000,0x00000000d6180000)
  to   space 512K, 0% used [0x00000000d6180000,0x00000000d6180000,0x00000000d6200000)
 ParOldGen       total 538112K, used 537823K [0x0000000080000000, 0x00000000a0d80000, 0x00000000d5580000)
  object space 538112K, 99% used [0x0000000080000000,0x00000000a0d37fb8,0x00000000a0d80000)
 Metaspace       used 56784K, committed 58176K, reserved 1114112K
  class space    used 6000K, committed 6592K, reserved 1048576K
}
Event: 50.705 GC heap before
{Heap before GC invocations=652 (full 2):
 PSYoungGen      total 9728K, used 9522K [0x00000000d5580000, 0x00000000d6200000, 0x0000000100000000)
  eden space 9216K, 99% used [0x00000000d5580000,0x00000000d5e7c9a0,0x00000000d5e80000)
  from space 512K, 62% used [0x00000000d6100000,0x00000000d6150000,0x00000000d6180000)
  to   space 512K, 0% used [0x00000000d6180000,0x00000000d6180000,0x00000000d6200000)
 ParOldGen       total 538112K, used 537823K [0x0000000080000000, 0x00000000a0d80000, 0x00000000d5580000)
  object space 538112K, 99% used [0x0000000080000000,0x00000000a0d37fb8,0x00000000a0d80000)
 Metaspace       used 57260K, committed 58688K, reserved 1114112K
  class space    used 6048K, committed 6656K, reserved 1048576K
}
Event: 50.706 GC heap after
{Heap after GC invocations=652 (full 2):
 PSYoungGen      total 9728K, used 288K [0x00000000d5580000, 0x00000000d6200000, 0x0000000100000000)
  eden space 9216K, 0% used [0x00000000d5580000,0x00000000d5580000,0x00000000d5e80000)
  from space 512K, 56% used [0x00000000d6180000,0x00000000d61c8000,0x00000000d6200000)
  to   space 512K, 0% used [0x00000000d6100000,0x00000000d6100000,0x00000000d6180000)
 ParOldGen       total 538112K, used 537983K [0x0000000080000000, 0x00000000a0d80000, 0x00000000d5580000)
  object space 538112K, 99% used [0x0000000080000000,0x00000000a0d5ffb8,0x00000000a0d80000)
 Metaspace       used 57260K, committed 58688K, reserved 1114112K
  class space    used 6048K, committed 6656K, reserved 1048576K
}
Event: 50.845 GC heap before
{Heap before GC invocations=653 (full 2):
 PSYoungGen      total 9728K, used 9435K [0x00000000d5580000, 0x00000000d6200000, 0x0000000100000000)
  eden space 9216K, 99% used [0x00000000d5580000,0x00000000d5e6ec90,0x00000000d5e80000)
  from space 512K, 56% used [0x00000000d6180000,0x00000000d61c8000,0x00000000d6200000)
  to   space 512K, 0% used [0x00000000d6100000,0x00000000d6100000,0x00000000d6180000)
 ParOldGen       total 538112K, used 537983K [0x0000000080000000, 0x00000000a0d80000, 0x00000000d5580000)
  object space 538112K, 99% used [0x0000000080000000,0x00000000a0d5ffb8,0x00000000a0d80000)
 Metaspace       used 58038K, committed 59520K, reserved 1114112K
  class space    used 6138K, committed 6784K, reserved 1048576K
}
Event: 50.846 GC heap after
{Heap after GC invocations=653 (full 2):
 PSYoungGen      total 9728K, used 480K [0x00000000d5580000, 0x00000000d6200000, 0x0000000100000000)
  eden space 9216K, 0% used [0x00000000d5580000,0x00000000d5580000,0x00000000d5e80000)
  from space 512K, 93% used [0x00000000d6100000,0x00000000d61780b8,0x00000000d6180000)
  to   space 512K, 0% used [0x00000000d6180000,0x00000000d6180000,0x00000000d6200000)
 ParOldGen       total 538624K, used 538288K [0x0000000080000000, 0x00000000a0e00000, 0x00000000d5580000)
  object space 538624K, 99% used [0x0000000080000000,0x00000000a0dac070,0x00000000a0e00000)
 Metaspace       used 58038K, committed 59520K, reserved 1114112K
  class space    used 6138K, committed 6784K, reserved 1048576K
}
Event: 50.858 GC heap before
{Heap before GC invocations=654 (full 2):
 PSYoungGen      total 9728K, used 1736K [0x00000000d5580000, 0x00000000d6200000, 0x0000000100000000)
  eden space 9216K, 13% used [0x00000000d5580000,0x00000000d56b9f68,0x00000000d5e80000)
  from space 512K, 93% used [0x00000000d6100000,0x00000000d61780b8,0x00000000d6180000)
  to   space 512K, 0% used [0x00000000d6180000,0x00000000d6180000,0x00000000d6200000)
 ParOldGen       total 538624K, used 538288K [0x0000000080000000, 0x00000000a0e00000, 0x00000000d5580000)
  object space 538624K, 99% used [0x0000000080000000,0x00000000a0dac070,0x00000000a0e00000)
 Metaspace       used 58336K, committed 59776K, reserved 1114112K
  class space    used 6164K, committed 6784K, reserved 1048576K
}
Event: 50.860 GC heap after
{Heap after GC invocations=654 (full 2):
 PSYoungGen      total 9728K, used 224K [0x00000000d5580000, 0x00000000d6200000, 0x0000000100000000)
  eden space 9216K, 0% used [0x00000000d5580000,0x00000000d5580000,0x00000000d5e80000)
  from space 512K, 43% used [0x00000000d6180000,0x00000000d61b8000,0x00000000d6200000)
  to   space 512K, 0% used [0x00000000d6100000,0x00000000d6100000,0x00000000d6180000)
 ParOldGen       total 538624K, used 538504K [0x0000000080000000, 0x00000000a0e00000, 0x00000000d5580000)
  object space 538624K, 99% used [0x0000000080000000,0x00000000a0de2070,0x00000000a0e00000)
 Metaspace       used 58336K, committed 59776K, reserved 1114112K
  class space    used 6164K, committed 6784K, reserved 1048576K
}
Event: 50.860 GC heap before
{Heap before GC invocations=655 (full 3):
 PSYoungGen      total 9728K, used 224K [0x00000000d5580000, 0x00000000d6200000, 0x0000000100000000)
  eden space 9216K, 0% used [0x00000000d5580000,0x00000000d5580000,0x00000000d5e80000)
  from space 512K, 43% used [0x00000000d6180000,0x00000000d61b8000,0x00000000d6200000)
  to   space 512K, 0% used [0x00000000d6100000,0x00000000d6100000,0x00000000d6180000)
 ParOldGen       total 538624K, used 538504K [0x0000000080000000, 0x00000000a0e00000, 0x00000000d5580000)
  object space 538624K, 99% used [0x0000000080000000,0x00000000a0de2070,0x00000000a0e00000)
 Metaspace       used 58336K, committed 59776K, reserved 1114112K
  class space    used 6164K, committed 6784K, reserved 1048576K
}
Event: 50.973 GC heap after
{Heap after GC invocations=655 (full 3):
 PSYoungGen      total 9728K, used 0K [0x00000000d5580000, 0x00000000d6200000, 0x0000000100000000)
  eden space 9216K, 0% used [0x00000000d5580000,0x00000000d5580000,0x00000000d5e80000)
  from space 512K, 0% used [0x00000000d6180000,0x00000000d6180000,0x00000000d6200000)
  to   space 512K, 0% used [0x00000000d6100000,0x00000000d6100000,0x00000000d6180000)
 ParOldGen       total 538624K, used 193804K [0x0000000080000000, 0x00000000a0e00000, 0x00000000d5580000)
  object space 538624K, 35% used [0x0000000080000000,0x000000008bd43320,0x00000000a0e00000)
 Metaspace       used 58334K, committed 59776K, reserved 1114112K
  class space    used 6164K, committed 6784K, reserved 1048576K
}
Event: 51.076 GC heap before
{Heap before GC invocations=656 (full 3):
 PSYoungGen      total 9728K, used 9216K [0x00000000d5580000, 0x00000000d6200000, 0x0000000100000000)
  eden space 9216K, 100% used [0x00000000d5580000,0x00000000d5e80000,0x00000000d5e80000)
  from space 512K, 0% used [0x00000000d6180000,0x00000000d6180000,0x00000000d6200000)
  to   space 512K, 0% used [0x00000000d6100000,0x00000000d6100000,0x00000000d6180000)
 ParOldGen       total 538624K, used 193804K [0x0000000080000000, 0x00000000a0e00000, 0x00000000d5580000)
  object space 538624K, 35% used [0x0000000080000000,0x000000008bd43320,0x00000000a0e00000)
 Metaspace       used 58691K, committed 60160K, reserved 1114112K
  class space    used 6194K, committed 6848K, reserved 1048576K
}
Event: 51.078 GC heap after
{Heap after GC invocations=656 (full 3):
 PSYoungGen      total 9728K, used 509K [0x00000000d5580000, 0x00000000d6380000, 0x0000000100000000)
  eden space 9216K, 0% used [0x00000000d5580000,0x00000000d5580000,0x00000000d5e80000)
  from space 512K, 99% used [0x00000000d6100000,0x00000000d617f760,0x00000000d6180000)
  to   space 2048K, 0% used [0x00000000d6180000,0x00000000d6180000,0x00000000d6380000)
 ParOldGen       total 538624K, used 195162K [0x0000000080000000, 0x00000000a0e00000, 0x00000000d5580000)
  object space 538624K, 36% used [0x0000000080000000,0x000000008be96940,0x00000000a0e00000)
 Metaspace       used 58691K, committed 60160K, reserved 1114112K
  class space    used 6194K, committed 6848K, reserved 1048576K
}
Event: 51.097 GC heap before
{Heap before GC invocations=657 (full 3):
 PSYoungGen      total 9728K, used 9725K [0x00000000d5580000, 0x00000000d6380000, 0x0000000100000000)
  eden space 9216K, 100% used [0x00000000d5580000,0x00000000d5e80000,0x00000000d5e80000)
  from space 512K, 99% used [0x00000000d6100000,0x00000000d617f760,0x00000000d6180000)
  to   space 2048K, 0% used [0x00000000d6180000,0x00000000d6180000,0x00000000d6380000)
 ParOldGen       total 538624K, used 195162K [0x0000000080000000, 0x00000000a0e00000, 0x00000000d5580000)
  object space 538624K, 36% used [0x0000000080000000,0x000000008be96940,0x00000000a0e00000)
 Metaspace       used 58709K, committed 60160K, reserved 1114112K
  class space    used 6194K, committed 6848K, reserved 1048576K
}
Event: 51.098 GC heap after
{Heap after GC invocations=657 (full 3):
 PSYoungGen      total 10240K, used 693K [0x00000000d5580000, 0x00000000d6280000, 0x0000000100000000)
  eden space 9216K, 0% used [0x00000000d5580000,0x00000000d5580000,0x00000000d5e80000)
  from space 1024K, 67% used [0x00000000d6180000,0x00000000d622d700,0x00000000d6280000)
  to   space 1536K, 0% used [0x00000000d5f80000,0x00000000d5f80000,0x00000000d6100000)
 ParOldGen       total 538624K, used 195499K [0x0000000080000000, 0x00000000a0e00000, 0x00000000d5580000)
  object space 538624K, 36% used [0x0000000080000000,0x000000008beeae08,0x00000000a0e00000)
 Metaspace       used 58709K, committed 60160K, reserved 1114112K
  class space    used 6194K, committed 6848K, reserved 1048576K
}
Event: 51.117 GC heap before
{Heap before GC invocations=658 (full 3):
 PSYoungGen      total 10240K, used 9909K [0x00000000d5580000, 0x00000000d6280000, 0x0000000100000000)
  eden space 9216K, 100% used [0x00000000d5580000,0x00000000d5e80000,0x00000000d5e80000)
  from space 1024K, 67% used [0x00000000d6180000,0x00000000d622d700,0x00000000d6280000)
  to   space 1536K, 0% used [0x00000000d5f80000,0x00000000d5f80000,0x00000000d6100000)
 ParOldGen       total 538624K, used 195499K [0x0000000080000000, 0x00000000a0e00000, 0x00000000d5580000)
  object space 538624K, 36% used [0x0000000080000000,0x000000008beeae08,0x00000000a0e00000)
 Metaspace       used 58715K, committed 60160K, reserved 1114112K
  class space    used 6194K, committed 6848K, reserved 1048576K
}
Event: 51.120 GC heap after
{Heap after GC invocations=658 (full 3):
 PSYoungGen      total 10752K, used 1065K [0x00000000d5580000, 0x00000000d6200000, 0x0000000100000000)
  eden space 9216K, 0% used [0x00000000d5580000,0x00000000d5580000,0x00000000d5e80000)
  from space 1536K, 69% used [0x00000000d5f80000,0x00000000d608a700,0x00000000d6100000)
  to   space 1024K, 0% used [0x00000000d6100000,0x00000000d6100000,0x00000000d6200000)
 ParOldGen       total 538624K, used 195539K [0x0000000080000000, 0x00000000a0e00000, 0x00000000d5580000)
  object space 538624K, 36% used [0x0000000080000000,0x000000008bef4e08,0x00000000a0e00000)
 Metaspace       used 58715K, committed 60160K, reserved 1114112K
  class space    used 6194K, committed 6848K, reserved 1048576K
}
Event: 51.131 GC heap before
{Heap before GC invocations=659 (full 3):
 PSYoungGen      total 10752K, used 10281K [0x00000000d5580000, 0x00000000d6200000, 0x0000000100000000)
  eden space 9216K, 100% used [0x00000000d5580000,0x00000000d5e80000,0x00000000d5e80000)
  from space 1536K, 69% used [0x00000000d5f80000,0x00000000d608a700,0x00000000d6100000)
  to   space 1024K, 0% used [0x00000000d6100000,0x00000000d6100000,0x00000000d6200000)
 ParOldGen       total 538624K, used 195539K [0x0000000080000000, 0x00000000a0e00000, 0x00000000d5580000)
  object space 538624K, 36% used [0x0000000080000000,0x000000008bef4e08,0x00000000a0e00000)
 Metaspace       used 58716K, committed 60160K, reserved 1114112K
  class space    used 6194K, committed 6848K, reserved 1048576K
}
Event: 51.132 GC heap after
{Heap after GC invocations=659 (full 3):
 PSYoungGen      total 10240K, used 1018K [0x00000000d5580000, 0x00000000d6200000, 0x0000000100000000)
  eden space 9216K, 0% used [0x00000000d5580000,0x00000000d5580000,0x00000000d5e80000)
  from space 1024K, 99% used [0x00000000d6100000,0x00000000d61feb80,0x00000000d6200000)
  to   space 1536K, 0% used [0x00000000d5f00000,0x00000000d5f00000,0x00000000d6080000)
 ParOldGen       total 538624K, used 195715K [0x0000000080000000, 0x00000000a0e00000, 0x00000000d5580000)
  object space 538624K, 36% used [0x0000000080000000,0x000000008bf20e08,0x00000000a0e00000)
 Metaspace       used 58716K, committed 60160K, reserved 1114112K
  class space    used 6194K, committed 6848K, reserved 1048576K
}
Event: 61.719 GC heap before
{Heap before GC invocations=660 (full 3):
 PSYoungGen      total 10240K, used 10210K [0x00000000d5580000, 0x00000000d6200000, 0x0000000100000000)
  eden space 9216K, 99% used [0x00000000d5580000,0x00000000d5e79f90,0x00000000d5e80000)
  from space 1024K, 99% used [0x00000000d6100000,0x00000000d61feb80,0x00000000d6200000)
  to   space 1536K, 0% used [0x00000000d5f00000,0x00000000d5f00000,0x00000000d6080000)
 ParOldGen       total 538624K, used 195715K [0x0000000080000000, 0x00000000a0e00000, 0x00000000d5580000)
  object space 538624K, 36% used [0x0000000080000000,0x000000008bf20e08,0x00000000a0e00000)
 Metaspace       used 60292K, committed 61760K, reserved 1114112K
  class space    used 6317K, committed 6976K, reserved 1048576K
}
Event: 61.721 GC heap after
{Heap after GC invocations=660 (full 3):
 PSYoungGen      total 10752K, used 640K [0x00000000d5580000, 0x00000000d6180000, 0x0000000100000000)
  eden space 9216K, 0% used [0x00000000d5580000,0x00000000d5580000,0x00000000d5e80000)
  from space 1536K, 41% used [0x00000000d5f00000,0x00000000d5fa0010,0x00000000d6080000)
  to   space 1024K, 0% used [0x00000000d6080000,0x00000000d6080000,0x00000000d6180000)
 ParOldGen       total 538624K, used 195875K [0x0000000080000000, 0x00000000a0e00000, 0x00000000d5580000)
  object space 538624K, 36% used [0x0000000080000000,0x000000008bf48e08,0x00000000a0e00000)
 Metaspace       used 60292K, committed 61760K, reserved 1114112K
  class space    used 6317K, committed 6976K, reserved 1048576K
}

